This is pdfTeXk, Version 3.14159-1.10b (Web2C 7.4.5) (format=pdflatex 2004.10.4)  3 OCT 2006 14:05
 file:line:error style messages enabled.
**\nonstopmode \input /loc/biocbuild/1.9d/Rpacks/pairseqsim/inst/doc/SamplesSes
sion.tex
(/loc/biocbuild/1.9d/Rpacks/pairseqsim/inst/doc/SamplesSession.tex
(/usr/share/texmf/tex/latex/base/article.cls
Document Class: article 2001/04/21 v1.4e Standard LaTeX document class
(/usr/share/texmf/tex/latex/base/size10.clo
File: size10.clo 2001/04/21 v1.4e Standard LaTeX file (size option)
)
\c@part=\count79
\c@section=\count80
\c@subsection=\count81
\c@subsubsection=\count82
\c@paragraph=\count83
\c@subparagraph=\count84
\c@figure=\count85
\c@table=\count86
\abovecaptionskip=\skip41
\belowcaptionskip=\skip42
\bibindent=\dimen102
)
(/loc/biocbuild/1.9d/R/share/texmf/Sweave.sty

LaTeX Warning: You have requested package `/loc/biocbuild/1.9d/R/share/texmf/Sw
eave',
               but the package provides `Sweave'.

Package: Sweave 
(/usr/share/texmf/tex/latex/base/ifthen.sty
Package: ifthen 2001/05/26 v1.1c Standard LaTeX ifthen package (DPC)
)
(/usr/share/texmf/tex/latex/graphics/graphicx.sty
Package: graphicx 1999/02/16 v1.0f Enhanced LaTeX Graphics (DPC,SPQR)

(/usr/share/texmf/tex/latex/graphics/keyval.sty
Package: keyval 1999/03/16 v1.13 key=value parser (DPC)
\KV@toks@=\toks14
)
(/usr/share/texmf/tex/latex/graphics/graphics.sty
Package: graphics 2001/07/07 v1.0n Standard LaTeX Graphics (DPC,SPQR)

(/usr/share/texmf/tex/latex/graphics/trig.sty
Package: trig 1999/03/16 v1.09 sin cos tan (DPC)
)
(/usr/share/texmf/tex/latex/config/graphics.cfg
File: graphics.cfg 2001/08/31 v1.1 graphics configuration of teTeX/TeXLive
)
Package graphics Info: Driver file: pdftex.def on input line 80.

(/usr/share/texmf/tex/latex/graphics/pdftex.def
File: pdftex.def 2002/06/19 v0.03k graphics/color for pdftex
\Gread@gobject=\count87
))
\Gin@req@height=\dimen103
\Gin@req@width=\dimen104
)
(/usr/share/texmf/tex/latex/fancyvrb/fancyvrb.sty
Package: fancyvrb 2000/03/21

Style option: `fancyvrb' v2.7, with DG/SPQR fixes <2000/03/21> (tvz)
\FV@CodeLineNo=\count88
\FV@InFile=\read1
\FV@TabBox=\box26
\c@FancyVerbLine=\count89
\FV@StepNumber=\count90
\FV@OutFile=\write3
)
(/loc/biocbuild/1.9d/R/share/texmf/upquote.sty
Package: upquote 2003/08/11 v1.1 Covington's upright-quote modification to verb
atim and verb

(/usr/share/texmf/tex/latex/base/textcomp.sty
Package: textcomp 2001/06/05 v1.94 Standard LaTeX package

(/usr/share/texmf/tex/latex/base/ts1enc.def
File: ts1enc.def 2001/06/05 v3.0e (jk/car/fm) Standard LaTeX file
)))
(/usr/share/texmf/tex/latex/base/fontenc.sty
Package: fontenc 2001/06/05 v1.94 Standard LaTeX package

(/usr/share/texmf/tex/latex/base/t1enc.def
File: t1enc.def 2001/06/05 v1.94 Standard LaTeX file
LaTeX Font Info:    Redeclaring font encoding T1 on input line 38.
))
(/usr/share/texmf/tex/latex/ae/ae.sty
Package: ae 2001/02/12 1.3 Almost European Computer Modern

(/usr/share/texmf/tex/latex/base/fontenc.sty
Package: fontenc 2001/06/05 v1.94 Standard LaTeX package

(/usr/share/texmf/tex/latex/base/t1enc.def
File: t1enc.def 2001/06/05 v1.94 Standard LaTeX file
LaTeX Font Info:    Redeclaring font encoding T1 on input line 38.
)
LaTeX Font Info:    Try loading font information for T1+aer on input line 95.

(/usr/share/texmf/tex/latex/ae/t1aer.fd
File: t1aer.fd 1997/11/16 Font definitions for T1/aer.
)))) (./SamplesSession.aux)
\openout1 = `SamplesSession.aux'.

LaTeX Font Info:    Checking defaults for OML/cmm/m/it on input line 12.
LaTeX Font Info:    ... okay on input line 12.
LaTeX Font Info:    Checking defaults for T1/cmr/m/n on input line 12.
LaTeX Font Info:    ... okay on input line 12.
LaTeX Font Info:    Checking defaults for OT1/cmr/m/n on input line 12.
LaTeX Font Info:    ... okay on input line 12.
LaTeX Font Info:    Checking defaults for OMS/cmsy/m/n on input line 12.
LaTeX Font Info:    ... okay on input line 12.
LaTeX Font Info:    Checking defaults for OMX/cmex/m/n on input line 12.
LaTeX Font Info:    ... okay on input line 12.
LaTeX Font Info:    Checking defaults for U/cmr/m/n on input line 12.
LaTeX Font Info:    ... okay on input line 12.
LaTeX Font Info:    Checking defaults for TS1/cmr/m/n on input line 12.
LaTeX Font Info:    Try loading font information for TS1+cmr on input line 12.

(/usr/share/texmf/tex/latex/base/ts1cmr.fd
File: ts1cmr.fd 1999/05/25 v2.5h Standard LaTeX font definitions
)
LaTeX Font Info:    ... okay on input line 12.
LaTeX Font Info:    External font `cmex10' loaded for size
(Font)              <12> on input line 14.
LaTeX Font Info:    External font `cmex10' loaded for size
(Font)              <8> on input line 14.
LaTeX Font Info:    External font `cmex10' loaded for size
(Font)              <6> on input line 14.
LaTeX Font Info:    Try loading font information for T1+aett on input line 19.

(/usr/share/texmf/tex/latex/ae/t1aett.fd
File: t1aett.fd 1997/11/16 Font definitions for T1/aett.
)
LaTeX Font Info:    External font `cmex10' loaded for size
(Font)              <7> on input line 21.
LaTeX Font Info:    External font `cmex10' loaded for size
(Font)              <5> on input line 21.
LaTeX Font Info:    Try loading font information for TS1+aer on input line 28.

(/loc/biocbuild/1.9d/R/share/texmf/ts1aer.fd
File: ts1aer.fd 
)
LaTeX Font Info:    Font shape `TS1/aer/m/n' in size <10> not available
(Font)              Font shape `TS1/cmr/m/n' tried instead on input line 28.
 [1

{/var/lib/texmf/dvips/config/pdftex.map}] [2]
Overfull \hbox (27.74648pt too wide) in paragraph at lines 103--105
[]/aer10/The first ar-gu-ment to the func-tion /aett10/readFasta /aer10/are a o
b-ject of class /aett10/AASequenceList/aer10/,
 []

<SamplesSession-PlotAAFreq.pdf, id=39, 433.62pt x 433.62pt>
File: SamplesSession-PlotAAFreq.pdf Graphic file (type pdf)

<use SamplesSession-PlotAAFreq.pdf> [3 <./SamplesSession-PlotAAFreq.pdf>]
[4]
Overfull \hbox (2.6456pt too wide) in paragraph at lines 214--215
[]/aer10/Based on the num-ber of iden-ti-ties (matches of iden-ti-cal amino aci
d residues)
 []

[5] <SamplesSession-014.pdf, id=66, 433.62pt x 433.62pt>
File: SamplesSession-014.pdf Graphic file (type pdf)

<use SamplesSession-014.pdf> [6 <./SamplesSession-014.pdf>]
Overfull \hbox (2.37187pt too wide) in paragraph at lines 269--270
[]/aer10/The POZ-I-TIVE score is as well trans-formed in a p-value $/cmmi10/P/c
mr10/(/cmmi10/X >/cmr10/= /cmmi10/Z[]/cmr10/)$
 []

<SamplesSession-PlostClust.pdf, id=76, 722.7pt x 505.89pt>
File: SamplesSession-PlostClust.pdf Graphic file (type pdf)

<use SamplesSession-PlostClust.pdf>
<SamplesSession-PlotResid.pdf, id=77, 433.62pt x 433.62pt>
File: SamplesSession-PlotResid.pdf Graphic file (type pdf)

<use SamplesSession-PlotResid.pdf> [7 <./SamplesSession-PlostClust.pdf>]
[8 <./SamplesSession-PlotResid.pdf>] (./SamplesSession.aux) ) 
Here is how much of TeX's memory you used:
 1757 strings out of 95437
 23907 string characters out of 1190247
 68025 words of memory out of 1000001
 4733 multiletter control sequences out of 10000+50000
 39334 words of font info for 79 fonts, out of 500000 for 1000
 14 hyphenation exceptions out of 1000
 35i,8n,21p,855b,323s stack positions out of 1500i,500n,5000p,200000b,5000s
 107 PDF objects out of 300000
 0 named destinations out of 131072
 20 words of extra memory for PDF output out of 65536
{/usr/share/texmf/
dvips/tetex/09fbbfac.enc}</usr/share/texmf/fonts/type1/bluesky/cm/cmtt8.pfb>{/u
sr/share/texmf/dvips/tetex/74afc74c.enc}</usr/share/texmf/fonts/type1/bluesky/c
m/cmti8.pfb>{/usr/share/texmf/dvips/tetex/f7b6d320.enc}</usr/share/texmf/fonts/
type1/bluesky/cm/cmr8.pfb></usr/share/texmf/fonts/type1/bluesky/cm/cmr6.pfb>{/u
sr/share/texmf/dvips/tetex/aae443f0.enc}</usr/share/texmf/fonts/type1/bluesky/c
m/cmmi5.pfb></usr/share/texmf/fonts/type1/bluesky/cm/cmr7.pfb></usr/share/texmf
/fonts/type1/bluesky/cm/cmex10.pfb></usr/share/texmf/fonts/type1/bluesky/cm/cmm
i7.pfb></usr/share/texmf/fonts/type1/bluesky/cm/cmsltt10.pfb></usr/share/texmf/
fonts/type1/bluesky/cm/cmti10.pfb> </var/cache/fonts/pk/tcrm1000.600pk>{/usr/sh
are/texmf/dvips/tetex/bbad153f.enc}</usr/share/texmf/fonts/type1/bluesky/cm/cms
y10.pfb></usr/share/texmf/fonts/type1/bluesky/cm/cmmi10.pfb></usr/share/texmf/f
onts/type1/bluesky/cm/cmbx10.pfb></usr/share/texmf/fonts/type1/bluesky/cm/cmtt1
0.pfb></usr/share/texmf/fonts/type1/bluesky/cm/cmr10.pfb></usr/share/texmf/font
s/type1/bluesky/cm/cmbx12.pfb></usr/share/texmf/fonts/type1/bluesky/cm/cmr12.pf
b></usr/share/texmf/fonts/type1/bluesky/cm/cmr17.pfb>
Output written on SamplesSession.pdf (8 pages, 154325 bytes).
